  [1m[36m (29.0ms)[0m  [1mCREATE TABLE "schema_migrations" ("version" character varying(255) NOT NULL) [0m
  [1m[35m (1.6ms)[0m  CREATE UNIQUE INDEX  "unique_schema_migrations" ON "schema_migrations"  ("version")
  [1m[36mActiveRecord::SchemaMigration Load (0.4ms)[0m  [1mSELECT "schema_migrations".* FROM "schema_migrations"[0m
  [1m[36mActiveRecord::SchemaMigration Load (0.5ms)[0m  [1mSELECT "schema_migrations".* FROM "schema_migrations"[0m
  [1m[36mActiveRecord::SchemaMigration Load (0.3ms)[0m  [1mSELECT "schema_migrations".* FROM "schema_migrations"[0m
Migrating to CreateRecipes (20141105003020)
  [1m[35m (0.1ms)[0m  BEGIN
  [1m[36m (14.3ms)[0m  [1mCREATE TABLE "recipes" ("id" serial primary key, "title" character varying(255), "directions" text, "image" character varying(255), "created_at" timestamp, "updated_at" timestamp) [0m
  [1m[35mSQL (6.4ms)[0m  INSERT INTO "schema_migrations" ("version") VALUES ($1)  [["version", "20141105003020"]]
  [1m[36m (6.2ms)[0m  [1mCOMMIT[0m
  [1m[35mActiveRecord::SchemaMigration Load (0.3ms)[0m  SELECT "schema_migrations".* FROM "schema_migrations"
  [1m[36mActiveRecord::SchemaMigration Load (0.4ms)[0m  [1mSELECT "schema_migrations".* FROM "schema_migrations"[0m
Migrating to CreateIngredients (20141105004732)
  [1m[35m (0.1ms)[0m  BEGIN
  [1m[36m (22.6ms)[0m  [1mCREATE TABLE "ingredients" ("id" serial primary key, "name" character varying(255), "measurement" character varying(255), "preparation" character varying(255), "created_at" timestamp, "updated_at" timestamp) [0m
  [1m[35mSQL (6.7ms)[0m  INSERT INTO "schema_migrations" ("version") VALUES ($1)  [["version", "20141105004732"]]
  [1m[36m (12.7ms)[0m  [1mCOMMIT[0m
  [1m[35mActiveRecord::SchemaMigration Load (0.2ms)[0m  SELECT "schema_migrations".* FROM "schema_migrations"
  [1m[36mActiveRecord::SchemaMigration Load (0.3ms)[0m  [1mSELECT "schema_migrations".* FROM "schema_migrations"[0m
Migrating to CreateMeasurements (20141105005439)
  [1m[35m (0.1ms)[0m  BEGIN
  [1m[36m (15.6ms)[0m  [1mCREATE TABLE "measurements" ("id" serial primary key, "unit" character varying(255), "quantity" character varying(255), "recipe_id" integer, "ingredient_id" integer, "created_at" timestamp, "updated_at" timestamp) [0m
  [1m[35mSQL (0.2ms)[0m  INSERT INTO "schema_migrations" ("version") VALUES ($1)  [["version", "20141105005439"]]
  [1m[36m (0.6ms)[0m  [1mCOMMIT[0m
  [1m[35mActiveRecord::SchemaMigration Load (0.2ms)[0m  SELECT "schema_migrations".* FROM "schema_migrations"


Started GET "/" for 127.0.0.1 at 2014-11-05 09:14:12 -0800
  [1m[36mActiveRecord::SchemaMigration Load (13.0ms)[0m  [1mSELECT "schema_migrations".* FROM "schema_migrations"[0m
Processing by Rails::WelcomeController#index as HTML
  Rendered /Users/hollyleary/.rvm/gems/ruby-2.1.2/gems/railties-4.1.5/lib/rails/templates/rails/welcome/index.html.erb (1.8ms)
Completed 200 OK in 9ms (Views: 9.0ms | ActiveRecord: 0.0ms)
